[01m[K/home/ws/src/quadruped_utils/src/StaticJointsController.cpp:[m[K In member function â€˜[01m[Kvirtual controller_interface::return_type quadruped_utils::StaticJointsController::[01;32m[Kupdate[m[K(const rclcpp::Time&, const rclcpp::Duration&)[m[Kâ€™:
[01m[K/home/ws/src/quadruped_utils/src/StaticJointsController.cpp:193:8:[m[K [01;31m[Kerror: [m[Kâ€˜[01m[Kalt[m[Kâ€™ was not declared in this scope
  193 |     if([01;31m[Kalt[m[K==false) {
      |        [01;31m[K^~~[m[K
[01m[K/home/ws/src/quadruped_utils/src/StaticJointsController.cpp:207:12:[m[K [01;31m[Kerror: [m[Kâ€˜[01m[Kalt[m[Kâ€™ was not declared in this scope
  207 |     elseif([01;31m[Kalt[m[K==true) {
      |            [01;31m[K^~~[m[K
[01m[K/home/ws/src/quadruped_utils/src/StaticJointsController.cpp:207:5:[m[K [01;31m[Kerror: [m[Kâ€˜[01m[Kelseif[m[Kâ€™ was not declared in this scope
  207 |     [01;31m[Kelseif[m[K(alt==true) {
      |     [01;31m[K^~~~~~[m[K
gmake[2]: *** [CMakeFiles/quadruped_utils_controllers.dir/build.make:90: CMakeFiles/quadruped_utils_controllers.dir/src/StaticJointsController.cpp.o] Error 1
gmake[1]: *** [CMakeFiles/Makefile2:137: CMakeFiles/quadruped_utils_controllers.dir/all] Error 2
gmake: *** [Makefile:146: all] Error 2
