-- Found ament_cmake: 2.5.3 (/opt/ros/jazzy/share/ament_cmake/cmake)
-- Found rclcpp: 28.1.6 (/opt/ros/jazzy/share/rclcpp/cmake)
-- Found rosidl_generator_c: 4.6.5 (/opt/ros/jazzy/share/rosidl_generator_c/cmake)
-- Found rosidl_generator_cpp: 4.6.5 (/opt/ros/jazzy/share/rosidl_generator_cpp/cmake)
-- Using all available rosidl_typesupport_c: rosidl_typesupport_fastrtps_c;rosidl_typesupport_introspection_c
-- Using all available rosidl_typesupport_cpp: rosidl_typesupport_fastrtps_cpp;rosidl_typesupport_introspection_cpp
-- Found rmw_implementation_cmake: 7.3.1 (/opt/ros/jazzy/share/rmw_implementation_cmake/cmake)
-- Found rmw_zenoh_cpp: 0.2.2 (/home/ws/install/rmw_zenoh_cpp/share/rmw_zenoh_cpp/cmake)
-- Using RMW implementation 'rmw_zenoh_cpp' as default
-- Found rclcpp_lifecycle: 28.1.6 (/opt/ros/jazzy/share/rclcpp_lifecycle/cmake)
-- Found hardware_interface: 4.28.1 (/opt/ros/jazzy/share/hardware_interface/cmake)
-- Found TinyXML2 via Config file: /usr/local/lib/cmake/tinyxml2
-- Found controller_interface: 4.28.1 (/opt/ros/jazzy/share/controller_interface/cmake)
[33mCMake Warning at CMakeLists.txt:14 (find_package):
  By not providing "FindJetsonGPIO.cmake" in CMAKE_MODULE_PATH this project
  has asked CMake to find a package configuration file provided by
  "JetsonGPIO", but CMake did not find one.

  Could not find a package configuration file provided by "JetsonGPIO" with
  any of the following names:

    JetsonGPIOConfig.cmake
    jetsongpio-config.cmake

  Add the installation prefix of "JetsonGPIO" to CMAKE_PREFIX_PATH or set
  "JetsonGPIO_DIR" to a directory containing one of the above files.  If
  "JetsonGPIO" provides a separate development package or SDK, be sure it has
  been installed.

[0m
[0mCMake Deprecation Warning at JetsonGPIO/CMakeLists.txt:1 (cmake_minimum_required):
  Compatibility with CMake < 3.5 will be removed from a future version of
  CMake.

  Update the VERSION argument <min> value or use a ...<max> suffix to tell
  CMake that the project does not need compatibility with older versions.

[0m
-- Found Threads: TRUE  
-- Configuring done (1.9s)
-- Generating done (0.1s)
-- Build files have been written to: /home/ws/build/jetson_interface
[  1%] [34m[1mGenerating Model.h[0m
Running generate_model_header.sh...
Model.h file has been created.
[  1%] Built target GenerateModelHeader
[  3%] [32mBuilding CXX object JetsonGPIO/CMakeFiles/JetsonGPIO.dir/src/MainModule.cpp.o[0m
[  6%] [32mBuilding CXX object JetsonGPIO/CMakeFiles/JetsonGPIO.dir/src/GPIOPinData.cpp.o[0m
[  6%] [32mBuilding CXX object JetsonGPIO/CMakeFiles/JetsonGPIO.dir/src/JetsonGPIO.cpp.o[0m
[  8%] [32mBuilding CXX object JetsonGPIO/CMakeFiles/JetsonGPIO.dir/src/PWM.cpp.o[0m
[ 11%] [32mBuilding CXX object JetsonGPIO/CMakeFiles/JetsonGPIO.dir/src/PythonFunctions.cpp.o[0m
[ 11%] [32mBuilding CXX object JetsonGPIO/CMakeFiles/JetsonGPIO.dir/src/ExceptionHandling.cpp.o[0m
[ 13%] [32mBuilding CXX object JetsonGPIO/CMakeFiles/JetsonGPIO.dir/src/Callback.cpp.o[0m
[ 15%] [32mBuilding CXX object JetsonGPIO/CMakeFiles/JetsonGPIO.dir/src/GPIOEvent.cpp.o[0m
[ 16%] [32mBuilding CXX object JetsonGPIO/CMakeFiles/JetsonGPIO.dir/src/DictionaryLike.cpp.o[0m
In file included from [01m[K/home/ws/src/jetson_interface/JetsonGPIO/src/GPIOEvent.cpp:26[m[K:
[01m[K/home/ws/src/jetson_interface/JetsonGPIO/include/private/GPIOEvent.h:60:33:[m[K [01;31m[Kerror: [m[Kâ€˜[01m[Kuint64_t[m[Kâ€™ has not been declared
   60 |                                 [01;31m[Kuint64_t[m[K bounce_time, uint64_t timeout);
      |                                 [01;31m[K^~~~~~~~[m[K
[01m[K/home/ws/src/jetson_interface/JetsonGPIO/include/private/GPIOEvent.h:60:55:[m[K [01;31m[Kerror: [m[Kâ€˜[01m[Kuint64_t[m[Kâ€™ has not been declared
   60 |                                 uint64_t bounce_time, [01;31m[Kuint64_t[m[K timeout);
      |                                                       [01;31m[K^~~~~~~~[m[K
[01m[K/home/ws/src/jetson_interface/JetsonGPIO/include/private/GPIOEvent.h:66:26:[m[K [01;31m[Kerror: [m[Kâ€˜[01m[Kuint64_t[m[Kâ€™ has not been declared
   66 |                          [01;31m[Kuint64_t[m[K bounce_time);
      |                          [01;31m[K^~~~~~~~[m[K
[ 18%] [32mBuilding CXX object JetsonGPIO/CMakeFiles/JetsonGPIO.dir/src/ModelUtility.cpp.o[0m
gmake[2]: *** [JetsonGPIO/CMakeFiles/JetsonGPIO.dir/build.make:160: JetsonGPIO/CMakeFiles/JetsonGPIO.dir/src/GPIOEvent.cpp.o] Error 1
gmake[2]: *** Waiting for unfinished jobs....
[01m[K/home/ws/src/jetson_interface/JetsonGPIO/src/ModelUtility.cpp:30:76:[m[K [01;35m[Kwarning: [m[Kexpression does not compute the number of elements in this array; element type is â€˜[01m[Kconst char* const[m[Kâ€™, not â€˜[01m[KGPIO::Model[m[Kâ€™ [[01;35m[K]8;;https://gcc.gnu.org/onlinedocs/gcc/Warning-Options.html#index-Wsizeof-array-div-Wsizeof-array-div]8;;[m[K]
   30 |     constexpr auto number_of_models = static_cast<int>([01;35m[Ksizeof(MODEL_NAMES) / sizeof(Model)[m[K);
      |                                                        [01;35m[K~~~~~~~~~~~~~~~~~~~~^~~~~~~~~~~~~~~[m[K
[01m[K/home/ws/src/jetson_interface/JetsonGPIO/src/ModelUtility.cpp:30:78:[m[K [01;36m[Knote: [m[Kadd parentheses around â€˜[01m[Ksizeof (GPIO::Model)[m[Kâ€™ to silence this warning
   30 |     constexpr auto number_of_models = static_cast<int>(sizeof(MODEL_NAMES) / [01;36m[Ksizeof(Model)[m[K);
      |                                                                              [01;36m[K^~~~~~~~~~~~~[m[K
      |                                                                              [32m[K([m[K            [32m[K)[m[K
In file included from [01m[K/home/ws/src/jetson_interface/JetsonGPIO/src/ModelUtility.cpp:24[m[K:
[01m[K/home/ws/src/jetson_interface/JetsonGPIO/include/private/Model.h:30:27:[m[K [01;36m[Knote: [m[Karray â€˜[01m[KGPIO::MODEL_NAMES[m[Kâ€™ declared here
   30 |     constexpr const char* [01;36m[KMODEL_NAMES[m[K[] = {
      |                           [01;36m[K^~~~~~~~~~~[m[K
gmake[1]: *** [CMakeFiles/Makefile2:245: JetsonGPIO/CMakeFiles/JetsonGPIO.dir/all] Error 2
gmake: *** [Makefile:146: all] Error 2
