[0.073s] Invoking command in '/home/ws/build/quadruped_utils': CMAKE_PREFIX_PATH=${CMAKE_PREFIX_PATH}:/home/ws/install/py_pubsub:/opt/ros/jazzy DEBUGINFOD_URLS=https://debuginfod.ubuntu.com /usr/bin/cmake --build /home/ws/build/quadruped_utils -- -j8 -l8
[0.165s] -- Found ament_cmake: 2.5.3 (/opt/ros/jazzy/share/ament_cmake/cmake)
[0.880s] -- Found rclcpp: 28.1.6 (/opt/ros/jazzy/share/rclcpp/cmake)
[0.942s] -- Found rosidl_generator_c: 4.6.5 (/opt/ros/jazzy/share/rosidl_generator_c/cmake)
[0.966s] -- Found rosidl_generator_cpp: 4.6.5 (/opt/ros/jazzy/share/rosidl_generator_cpp/cmake)
[0.986s] -- Using all available rosidl_typesupport_c: rosidl_typesupport_fastrtps_c;rosidl_typesupport_introspection_c
[1.017s] -- Using all available rosidl_typesupport_cpp: rosidl_typesupport_fastrtps_cpp;rosidl_typesupport_introspection_cpp
[1.148s] -- Found rmw_implementation_cmake: 7.3.1 (/opt/ros/jazzy/share/rmw_implementation_cmake/cmake)
[1.152s] -- Found rmw_zenoh_cpp: 0.2.2 (/home/ws/install/rmw_zenoh_cpp/share/rmw_zenoh_cpp/cmake)
[1.154s] -- Using RMW implementation 'rmw_zenoh_cpp' as default
[1.286s] -- Found rclcpp_lifecycle: 28.1.6 (/opt/ros/jazzy/share/rclcpp_lifecycle/cmake)
[1.338s] -- Found hardware_interface: 4.28.1 (/opt/ros/jazzy/share/hardware_interface/cmake)
[1.595s] -- Found TinyXML2 via Config file: /usr/local/lib/cmake/tinyxml2
[1.702s] -- Found controller_interface: 4.28.1 (/opt/ros/jazzy/share/controller_interface/cmake)
[1.712s] -- Found controller_manager_msgs: 4.28.1 (/opt/ros/jazzy/share/controller_manager_msgs/cmake)
[2.017s] -- Configuring done (1.9s)
[2.071s] -- Generating done (0.0s)
[2.081s] -- Build files have been written to: /home/ws/build/quadruped_utils
[2.216s] [ 33%] [32mBuilding CXX object CMakeFiles/quadruped_utils_controllers.dir/src/EstopController.cpp.o[0m
[8.229s] [01m[K/home/ws/src/quadruped_utils/src/EstopController.cpp:[m[K In member function â€˜[01m[Kvirtual controller_interface::return_type estopcontroller::EstopController::[01;32m[Kupdate[m[K(const rclcpp::Time&, const rclcpp::Duration&)[m[Kâ€™:
[8.229s] [01m[K/home/ws/src/quadruped_utils/src/EstopController.cpp:38:59:[m[K [01;35m[Kwarning: [m[Kâ€˜[01m[Kdouble hardware_interface::LoanedStateInterface::[01;32m[Kget_value[m[K() const[m[Kâ€™ is deprecated: Use std::optional<T> get_optional() instead to retrieve the value. This method will be removed by the ROS 2 Kilted Kaiju release. [[01;35m[K]8;;https://gcc.gnu.org/onlinedocs/gcc/Warning-Options.html#index-Wdeprecated-declarations-Wdeprecated-declarations]8;;[m[K]
[8.229s]    38 |     double external_state = [01;35m[Kstate_interfaces_[0].get_value()[m[K;
[8.229s]       |                             [01;35m[K~~~~~~~~~~~~~~~~~~~~~~~~~~~~~~^~[m[K
[8.229s] In file included from [01m[K/opt/ros/jazzy/include/controller_interface/controller_interface/controller_interface_base.hpp:28[m[K,
[8.229s]                  from [01m[K/opt/ros/jazzy/include/controller_interface/controller_interface/controller_interface.hpp:21[m[K,
[8.230s]                  from [01m[K/home/ws/src/quadruped_utils/src/EstopController.cpp:1[m[K:
[8.230s] [01m[K/opt/ros/jazzy/include/hardware_interface/hardware_interface/loaned_state_interface.hpp:94:10:[m[K [01;36m[Knote: [m[Kdeclared here
[8.230s]    94 |   double [01;36m[Kget_value[m[K() const
[8.230s]       |          [01;36m[K^~~~~~~~~[m[K
[8.237s] [01m[K/home/ws/src/quadruped_utils/src/EstopController.cpp:41:26:[m[K [01;31m[Kerror: [m[Kâ€˜[01m[K__gnu_cxx::__alloc_traits<std::allocator<hardware_interface::LoanedStateInterface>, hardware_interface::LoanedStateInterface>::value_type[m[Kâ€™ {aka â€˜[01m[Kclass hardware_interface::LoanedStateInterface[m[Kâ€™} has no member named â€˜[01m[Kset_value[m[Kâ€™; did you mean â€˜[01m[Kget_value[m[Kâ€™?
[8.237s]    41 |     state_interfaces_[1].[01;31m[Kset_value[m[K(external_state);
[8.238s]       |                          [01;31m[K^~~~~~~~~[m[K
[8.238s]       |                          [32m[Kget_value[m[K
[8.301s] In file included from [01m[K/opt/ros/jazzy/include/class_loader/class_loader/class_loader.hpp:56[m[K,
[8.302s]                  from [01m[K/opt/ros/jazzy/include/pluginlib/pluginlib/class_list_macros.hpp:40[m[K,
[8.302s]                  from [01m[K/home/ws/src/quadruped_utils/src/EstopController.cpp:51[m[K:
[8.302s] [01m[K/home/ws/src/quadruped_utils/src/EstopController.cpp:[m[K At global scope:
[8.302s] [01m[K/home/ws/src/quadruped_utils/src/EstopController.cpp:53:3:[m[K [01;31m[Kerror: [m[Kâ€˜[01m[Kstate_bridge_controller[m[Kâ€™ does not name a type
[8.302s]    53 |   [01;31m[Kstate_bridge_controller[m[K::EstopController,
[8.302s]       |   [01;31m[K^~~~~~~~~~~~~~~~~~~~~~~[m[K
[8.323s] [01m[K/home/ws/src/quadruped_utils/src/EstopController.cpp:[m[K In constructor â€˜[01m[K{anonymous}::ProxyExec0::[01;32m[KProxyExec0[m[K()[m[Kâ€™:
[8.323s] [01m[K/home/ws/src/quadruped_utils/src/EstopController.cpp:52:1:[m[K [01;31m[Kerror: [m[Kâ€˜[01m[K_derived[m[Kâ€™ was not declared in this scope
[8.324s]    52 | [01;31m[KPLUGINLIB_EXPORT_CLASS[m[K(
[8.324s]       | [01;31m[K^~~~~~~~~~~~~~~~~~~~~~[m[K
[8.324s] [01m[K/home/ws/src/quadruped_utils/src/EstopController.cpp:52:1:[m[K [01;31m[Kerror: [m[Kno matching function for call to â€˜[01m[KregisterPlugin<<expression error>, {anonymous}::ProxyExec0::_base>(const char [41], const char [42])[m[Kâ€™
[8.324s]    52 | [01;31m[KPLUGINLIB_EXPORT_CLASS[m[K(
[8.324s]       | [01;31m[K^~~~~~~~~~~~~~~~~~~~~~[m[K
[8.325s] In file included from [01m[K/opt/ros/jazzy/include/class_loader/class_loader/class_loader.hpp:55[m[K:
[8.325s] [01m[K/opt/ros/jazzy/include/class_loader/class_loader/class_loader_core.hpp:241:1:[m[K [01;36m[Knote: [m[Kcandidate: â€˜[01m[Ktemplate<class Derived, class Base> class_loader::impl::UniquePtr<class_loader::impl::AbstractMetaObjectBase> class_loader::impl::[01;32m[KregisterPlugin[m[K(const std::string&, const std::string&)[m[Kâ€™
[8.325s]   241 | [01;36m[KregisterPlugin[m[K(const std::string & class_name, const std::string & base_class_name)
[8.325s]       | [01;36m[K^~~~~~~~~~~~~~[m[K
[8.325s] [01m[K/opt/ros/jazzy/include/class_loader/class_loader/class_loader_core.hpp:241:1:[m[K [01;36m[Knote: [m[K  template argument deduction/substitution failed:
[8.325s] [01m[K/home/ws/src/quadruped_utils/src/EstopController.cpp:52:1:[m[K [01;31m[Kerror: [m[Ktemplate argument 1 is invalid
[8.325s]    52 | [01;31m[KPLUGINLIB_EXPORT_CLASS[m[K(
[8.326s]       | [01;31m[K^~~~~~~~~~~~~~~~~~~~~~[m[K
[10.861s] gmake[2]: *** [CMakeFiles/quadruped_utils_controllers.dir/build.make:90: CMakeFiles/quadruped_utils_controllers.dir/src/EstopController.cpp.o] Error 1
[10.861s] gmake[1]: *** [CMakeFiles/Makefile2:137: CMakeFiles/quadruped_utils_controllers.dir/all] Error 2
[10.861s] gmake: *** [Makefile:146: all] Error 2
[10.874s] Invoked command in '/home/ws/build/quadruped_utils' returned '2': CMAKE_PREFIX_PATH=${CMAKE_PREFIX_PATH}:/home/ws/install/py_pubsub:/opt/ros/jazzy DEBUGINFOD_URLS=https://debuginfod.ubuntu.com /usr/bin/cmake --build /home/ws/build/quadruped_utils -- -j8 -l8
