[0.089s] Invoking command in '/home/ws/build/jetson_interface': CMAKE_PREFIX_PATH=${CMAKE_PREFIX_PATH}:/home/ws/install/py_pubsub:/opt/ros/jazzy DEBUGINFOD_URLS=https://debuginfod.ubuntu.com /usr/bin/cmake --build /home/ws/build/jetson_interface -- -j8 -l8
[0.677s] [ 50%] [32mBuilding CXX object CMakeFiles/jetson_interface.dir/src/jetson_gpio_interface.cpp.o[0m
[6.399s] In file included from [01m[K/opt/ros/jazzy/include/class_loader/class_loader/class_loader.hpp:56[m[K,
[6.399s]                  from [01m[K/opt/ros/jazzy/include/pluginlib/pluginlib/class_list_macros.hpp:40[m[K,
[6.400s]                  from [01m[K/home/ws/src/jetson_interface/src/jetson_gpio_interface.cpp:231[m[K:
[6.400s] [01m[K/home/ws/src/jetson_interface/src/jetson_gpio_interface.cpp:234:3:[m[K [01;31m[Kerror: [m[Kâ€˜[01m[Kjetson_gpio_interface[m[Kâ€™ does not name a type
[6.400s]   234 |   [01;31m[Kjetson_gpio_interface[m[K::JetsonGPIOInterface,
[6.400s]       |   [01;31m[K^~~~~~~~~~~~~~~~~~~~~[m[K
[6.422s] [01m[K/home/ws/src/jetson_interface/src/jetson_gpio_interface.cpp:[m[K In constructor â€˜[01m[K{anonymous}::ProxyExec0::[01;32m[KProxyExec0[m[K()[m[Kâ€™:
[6.422s] [01m[K/home/ws/src/jetson_interface/src/jetson_gpio_interface.cpp:233:1:[m[K [01;31m[Kerror: [m[Kâ€˜[01m[K_derived[m[Kâ€™ was not declared in this scope
[6.422s]   233 | [01;31m[KPLUGINLIB_EXPORT_CLASS[m[K(
[6.423s]       | [01;31m[K^~~~~~~~~~~~~~~~~~~~~~[m[K
[6.423s] [01m[K/home/ws/src/jetson_interface/src/jetson_gpio_interface.cpp:233:1:[m[K [01;31m[Kerror: [m[Kno matching function for call to â€˜[01m[KregisterPlugin<<expression error>, {anonymous}::ProxyExec0::_base>(const char [43], const char [36])[m[Kâ€™
[6.423s]   233 | [01;31m[KPLUGINLIB_EXPORT_CLASS[m[K(
[6.423s]       | [01;31m[K^~~~~~~~~~~~~~~~~~~~~~[m[K
[6.423s] In file included from [01m[K/opt/ros/jazzy/include/class_loader/class_loader/class_loader.hpp:55[m[K:
[6.423s] [01m[K/opt/ros/jazzy/include/class_loader/class_loader/class_loader_core.hpp:241:1:[m[K [01;36m[Knote: [m[Kcandidate: â€˜[01m[Ktemplate<class Derived, class Base> class_loader::impl::UniquePtr<class_loader::impl::AbstractMetaObjectBase> class_loader::impl::[01;32m[KregisterPlugin[m[K(const std::string&, const std::string&)[m[Kâ€™
[6.423s]   241 | [01;36m[KregisterPlugin[m[K(const std::string & class_name, const std::string & base_class_name)
[6.424s]       | [01;36m[K^~~~~~~~~~~~~~[m[K
[6.424s] [01m[K/opt/ros/jazzy/include/class_loader/class_loader/class_loader_core.hpp:241:1:[m[K [01;36m[Knote: [m[K  template argument deduction/substitution failed:
[6.424s] [01m[K/home/ws/src/jetson_interface/src/jetson_gpio_interface.cpp:233:1:[m[K [01;31m[Kerror: [m[Ktemplate argument 1 is invalid
[6.424s]   233 | [01;31m[KPLUGINLIB_EXPORT_CLASS[m[K(
[6.424s]       | [01;31m[K^~~~~~~~~~~~~~~~~~~~~~[m[K
[9.541s] gmake[2]: *** [CMakeFiles/jetson_interface.dir/build.make:76: CMakeFiles/jetson_interface.dir/src/jetson_gpio_interface.cpp.o] Error 1
[9.542s] gmake[1]: *** [CMakeFiles/Makefile2:137: CMakeFiles/jetson_interface.dir/all] Error 2
[9.542s] gmake: *** [Makefile:146: all] Error 2
[9.545s] Invoked command in '/home/ws/build/jetson_interface' returned '2': CMAKE_PREFIX_PATH=${CMAKE_PREFIX_PATH}:/home/ws/install/py_pubsub:/opt/ros/jazzy DEBUGINFOD_URLS=https://debuginfod.ubuntu.com /usr/bin/cmake --build /home/ws/build/jetson_interface -- -j8 -l8
