[0.072s] Invoking command in '/home/ws/build/zenoh_cpp_vendor': CMAKE_PREFIX_PATH=${CMAKE_PREFIX_PATH}:/home/ws/install/py_pubsub:/opt/ros/jazzy DEBUGINFOD_URLS=https://debuginfod.ubuntu.com /usr/bin/cmake /home/ws/src/rmw_zenoh/zenoh_cpp_vendor -DCMAKE_BUILD_TYPE=Release -DCMAKE_INSTALL_PREFIX=/home/ws/install/zenoh_cpp_vendor
[0.682s] -- Found ament_cmake: 2.5.3 (/opt/ros/jazzy/share/ament_cmake/cmake)
[0.740s] -- Found ament_cmake_vendor_package: 2.5.4 (/opt/ros/jazzy/share/ament_cmake_vendor_package/cmake)
[1.053s] -- Configuring done (1.0s)
[1.083s] -- Generating done (0.0s)
[1.084s] -- Build files have been written to: /home/ws/build/zenoh_cpp_vendor
[1.160s] Invoked command in '/home/ws/build/zenoh_cpp_vendor' returned '0': CMAKE_PREFIX_PATH=${CMAKE_PREFIX_PATH}:/home/ws/install/py_pubsub:/opt/ros/jazzy DEBUGINFOD_URLS=https://debuginfod.ubuntu.com /usr/bin/cmake /home/ws/src/rmw_zenoh/zenoh_cpp_vendor -DCMAKE_BUILD_TYPE=Release -DCMAKE_INSTALL_PREFIX=/home/ws/install/zenoh_cpp_vendor
[1.174s] Invoking command in '/home/ws/build/zenoh_cpp_vendor': CMAKE_PREFIX_PATH=${CMAKE_PREFIX_PATH}:/home/ws/install/py_pubsub:/opt/ros/jazzy DEBUGINFOD_URLS=https://debuginfod.ubuntu.com /usr/bin/cmake --build /home/ws/build/zenoh_cpp_vendor -- -j8 -l8
[1.350s] [  6%] [34m[1mPerforming build step for 'zenoh_c_vendor'[0m
[1.507s] [34m[1mGenerating release/target/release/libzenohc.so, release/target/release/libzenohc.a[0m
[1.562s] "RUSTFLAGS = $$RUSTFLAGS"
[1.585s] "cargo build --release --manifest-path=/home/ws/build/zenoh_cpp_vendor/zenoh_c_vendor-prefix/src/zenoh_c_vendor-build/release/Cargo.toml --no-default-features --features=shared-memory zenoh/transport_compression zenoh/transport_tcp zenoh/transport_udp zenoh/transport_tls --features=unstable"
[1.593s] /bin/sh: 1: cargo: not found
[1.594s] gmake[5]: *** [CMakeFiles/cargo.dir/build.make:146: release/target/release/libzenohc.so] Error 127
[1.594s] gmake[4]: *** [CMakeFiles/Makefile2:189: CMakeFiles/cargo.dir/all] Error 2
[1.594s] gmake[3]: *** [Makefile:166: all] Error 2
[1.595s] gmake[2]: *** [CMakeFiles/zenoh_c_vendor.dir/build.make:86: zenoh_c_vendor-prefix/src/zenoh_c_vendor-stamp/zenoh_c_vendor-build] Error 2
[1.595s] gmake[1]: *** [CMakeFiles/Makefile2:139: CMakeFiles/zenoh_c_vendor.dir/all] Error 2
[1.595s] gmake: *** [Makefile:146: all] Error 2
